Построение начато 11.06.2018 18:59:15.
     1>Проект "D:\_ADMIN\_PROG\wordgame\wordgame\wordgame.vcxproj" в узле 2 (целевые объекты build).
     1>InitializeBuildStatus:
         Создание "Debug\wordgame.unsuccessfulbuild", так как было задано "AlwaysCreate".
       ClCompile:
         d:\APPS\TOOLS\VS2010\VC\bin\CL.exe /c /ZI /nologo /W3 /WX- /Od /Oy- /D WIN32 /D _DEBUG /D _CONSOLE /D _UNICODE /D UNICODE /Gm /EHsc /RTC1 /MDd /GS /fp:precise /Zc:wchar_t /Zc:forScope /Fo"Debug\\" /Fd"Debug\vc100.pdb" /Gd /TP /analyze- /errorReport:prompt wordgame.cpp
         wordgame.cpp
     1>d:\_admin\_prog\wordgame\wordgame\wordgame.cpp(60): warning C4996: 'getche': The POSIX name for this item is deprecated. Instead, use the ISO C++ conformant name: _getche. See online help for details.
                 d:\apps\tools\vs2010\vc\include\conio.h(129): см. объявление "getche"
     1>d:\_admin\_prog\wordgame\wordgame\wordgame.cpp(74): warning C4018: <: несоответствие типов со знаком и без знака
     1>d:\_admin\_prog\wordgame\wordgame\wordgame.cpp(104): warning C4018: <: несоответствие типов со знаком и без знака
     1>d:\_admin\_prog\wordgame\wordgame\wordgame.cpp(113): warning C4996: 'fopen': This function or variable may be unsafe. Consider using fopen_s instead. To disable deprecation, use _CRT_SECURE_NO_WARNINGS. See online help for details.
                 d:\apps\tools\vs2010\vc\include\stdio.h(234): см. объявление "fopen"
     1>d:\_admin\_prog\wordgame\wordgame\wordgame.cpp(127): warning C4996: 'fopen': This function or variable may be unsafe. Consider using fopen_s instead. To disable deprecation, use _CRT_SECURE_NO_WARNINGS. See online help for details.
                 d:\apps\tools\vs2010\vc\include\stdio.h(234): см. объявление "fopen"
     1>d:\_admin\_prog\wordgame\wordgame\wordgame.cpp(145): warning C4996: 'strcpy': This function or variable may be unsafe. Consider using strcpy_s instead. To disable deprecation, use _CRT_SECURE_NO_WARNINGS. See online help for details.
                 d:\apps\tools\vs2010\vc\include\string.h(105): см. объявление "strcpy"
     1>d:\_admin\_prog\wordgame\wordgame\wordgame.cpp(153): warning C4996: 'gets': This function or variable may be unsafe. Consider using gets_s instead. To disable deprecation, use _CRT_SECURE_NO_WARNINGS. See online help for details.
                 d:\apps\tools\vs2010\vc\include\stdio.h(277): см. объявление "gets"
     1>d:\_admin\_prog\wordgame\wordgame\wordgame.cpp(178): warning C4018: <: несоответствие типов со знаком и без знака
     1>d:\_admin\_prog\wordgame\wordgame\wordgame.cpp(184): warning C4996: 'strcpy': This function or variable may be unsafe. Consider using strcpy_s instead. To disable deprecation, use _CRT_SECURE_NO_WARNINGS. See online help for details.
                 d:\apps\tools\vs2010\vc\include\string.h(105): см. объявление "strcpy"
     1>d:\_admin\_prog\wordgame\wordgame\wordgame.cpp(195): warning C4996: 'strcpy': This function or variable may be unsafe. Consider using strcpy_s instead. To disable deprecation, use _CRT_SECURE_NO_WARNINGS. See online help for details.
                 d:\apps\tools\vs2010\vc\include\string.h(105): см. объявление "strcpy"
       ManifestResourceCompile:
         Для всех выходных данных обновления не требуется.
       Link:
         d:\APPS\TOOLS\VS2010\VC\bin\link.exe /ERRORREPORT:PROMPT /OUT:"D:\_ADMIN\_PROG\wordgame\Debug\wordgame.exe" /INCREMENTAL /NOLOGO kernel32.lib user32.lib gdi32.lib winspool.lib comdlg32.lib advapi32.lib shell32.lib ole32.lib oleaut32.lib uuid.lib odbc32.lib odbccp32.lib /MANIFEST /ManifestFile:"Debug\wordgame.exe.intermediate.manifest" /MANIFESTUAC:"level='asInvoker' uiAccess='false'" /DEBUG /PDB:"D:\_ADMIN\_PROG\wordgame\Debug\wordgame.pdb" /SUBSYSTEM:CONSOLE /TLBID:1 /DYNAMICBASE /NXCOMPAT /IMPLIB:"D:\_ADMIN\_PROG\wordgame\Debug\wordgame.lib" /MACHINE:X86 Debug\wordgame.exe.embed.manifest.res
         Debug\stdafx.obj
         Debug\wordgame.obj
       Manifest:
         C:\Program Files\Microsoft SDKs\Windows\v7.0A\bin\mt.exe /nologo /verbose /out:"Debug\wordgame.exe.embed.manifest" /manifest Debug\wordgame.exe.intermediate.manifest
         Для всех выходных данных обновления не требуется.
       LinkEmbedManifest:
         Для всех выходных данных обновления не требуется.
         wordgame.vcxproj -> D:\_ADMIN\_PROG\wordgame\Debug\wordgame.exe
       FinalizeBuildStatus:
         Файл "Debug\wordgame.unsuccessfulbuild" удаляется.
         Обращение к "Debug\wordgame.lastbuildstate".
     1>Построение проекта "D:\_ADMIN\_PROG\wordgame\wordgame\wordgame.vcxproj" завершено (целевые объекты build).

Построение успешно завершено.

Затраченное время: 00:00:05.75
