D:\_ADMIN\_PROG\WORDGAME\DEBUG\FSORT.EXE
D:\_ADMIN\_PROG\WORDGAME\DEBUG\FSORT.ILK
D:\_ADMIN\_PROG\WORDGAME\DEBUG\FSORT.PDB
D:\_ADMIN\_PROG\wordgame\fsort\Debug\cl.command.1.tlog
D:\_ADMIN\_PROG\wordgame\fsort\Debug\CL.read.1.tlog
D:\_ADMIN\_PROG\wordgame\fsort\Debug\CL.write.1.tlog
D:\_ADMIN\_PROG\WORDGAME\FSORT\DEBUG\FSORT.EXE.EMBED.MANIFEST
D:\_ADMIN\_PROG\WORDGAME\FSORT\DEBUG\FSORT.EXE.EMBED.MANIFEST.RES
D:\_ADMIN\_PROG\WORDGAME\FSORT\DEBUG\FSORT.EXE.INTERMEDIATE.MANIFEST
D:\_ADMIN\_PROG\wordgame\fsort\Debug\fsort_manifest.rc
D:\_ADMIN\_PROG\wordgame\fsort\Debug\link.180.read.1.tlog
D:\_ADMIN\_PROG\wordgame\fsort\Debug\link.180.write.1.tlog
D:\_ADMIN\_PROG\wordgame\fsort\Debug\link.180-cvtres.read.1.tlog
D:\_ADMIN\_PROG\wordgame\fsort\Debug\link.180-cvtres.write.1.tlog
D:\_ADMIN\_PROG\wordgame\fsort\Debug\link.command.1.tlog
D:\_ADMIN\_PROG\wordgame\fsort\Debug\link.read.1.tlog
D:\_ADMIN\_PROG\wordgame\fsort\Debug\link.write.1.tlog
D:\_ADMIN\_PROG\wordgame\fsort\Debug\link-cvtres.read.1.tlog
D:\_ADMIN\_PROG\wordgame\fsort\Debug\link-cvtres.write.1.tlog
D:\_ADMIN\_PROG\WORDGAME\FSORT\DEBUG\MAIN.OBJ
D:\_ADMIN\_PROG\wordgame\fsort\Debug\mt.command.1.tlog
D:\_ADMIN\_PROG\wordgame\fsort\Debug\mt.read.1.tlog
D:\_ADMIN\_PROG\wordgame\fsort\Debug\mt.write.1.tlog
D:\_ADMIN\_PROG\wordgame\fsort\Debug\rc.command.1.tlog
D:\_ADMIN\_PROG\wordgame\fsort\Debug\rc.read.1.tlog
D:\_ADMIN\_PROG\wordgame\fsort\Debug\rc.write.1.tlog
D:\_ADMIN\_PROG\wordgame\fsort\Debug\vc100.idb
D:\_ADMIN\_PROG\WORDGAME\FSORT\DEBUG\VC100.PDB
