D:\_ADMIN\_PROG\wordgame\wggui\Debug\cl.command.1.tlog
D:\_ADMIN\_PROG\wordgame\wggui\Debug\CL.read.1.tlog
D:\_ADMIN\_PROG\wordgame\wggui\Debug\CL.write.1.tlog
D:\_ADMIN\_PROG\wordgame\wggui\Debug\custombuild.command.1.tlog
D:\_ADMIN\_PROG\wordgame\wggui\Debug\custombuild.read.1.tlog
D:\_ADMIN\_PROG\wordgame\wggui\Debug\custombuild.write.1.tlog
D:\_ADMIN\_PROG\wordgame\wggui\Debug\link.command.1.tlog
D:\_ADMIN\_PROG\wordgame\wggui\Debug\link.read.1.tlog
D:\_ADMIN\_PROG\wordgame\wggui\Debug\link.write.1.tlog
D:\_ADMIN\_PROG\WORDGAME\WGGUI\DEBUG\MAIN.OBJ
D:\_ADMIN\_PROG\WORDGAME\WGGUI\DEBUG\MOC_SETTINGS.OBJ
D:\_ADMIN\_PROG\WORDGAME\WGGUI\DEBUG\MOC_WINDOW.OBJ
D:\_ADMIN\_PROG\wordgame\wggui\Debug\mt.command.1.tlog
D:\_ADMIN\_PROG\wordgame\wggui\Debug\mt.read.1.tlog
D:\_ADMIN\_PROG\wordgame\wggui\Debug\mt.write.1.tlog
D:\_ADMIN\_PROG\WORDGAME\WGGUI\DEBUG\QRC_WINDOW.OBJ
D:\_ADMIN\_PROG\WORDGAME\WGGUI\DEBUG\SETTINGS.OBJ
D:\_ADMIN\_PROG\WORDGAME\WGGUI\DEBUG\VC100.PDB
D:\_ADMIN\_PROG\WORDGAME\WGGUI\DEBUG\WGGUI.EXE.INTERMEDIATE.MANIFEST
D:\_ADMIN\_PROG\WORDGAME\WGGUI\DEBUG\WINDOW.OBJ
D:\_ADMIN\_PROG\WORDGAME\WGGUI\GENERATEDFILES\DEBUG\MOC_SETTINGS.CPP
D:\_ADMIN\_PROG\WORDGAME\WGGUI\GENERATEDFILES\DEBUG\MOC_WINDOW.CPP
D:\_ADMIN\_PROG\WORDGAME\WGGUI\GENERATEDFILES\QRC_WINDOW.CPP
D:\_ADMIN\_PROG\WORDGAME\WGGUI\GENERATEDFILES\UI_SETTINGS.H
D:\_ADMIN\_PROG\WORDGAME\WGGUI\GENERATEDFILES\UI_WINDOW.H
D:\_ADMIN\_PROG\WORDGAME\WIN32\DEBUG\WGGUI.EXE
D:\_ADMIN\_PROG\WORDGAME\WIN32\DEBUG\WGGUI.ILK
D:\_ADMIN\_PROG\WORDGAME\WIN32\DEBUG\WGGUI.PDB
