D:\_ADMIN\_PROG\wordgame\concat\Debug\cl.command.1.tlog
D:\_ADMIN\_PROG\wordgame\concat\Debug\CL.read.1.tlog
D:\_ADMIN\_PROG\wordgame\concat\Debug\CL.write.1.tlog
D:\_ADMIN\_PROG\WORDGAME\CONCAT\DEBUG\CONCAT.EXE.EMBED.MANIFEST
D:\_ADMIN\_PROG\WORDGAME\CONCAT\DEBUG\CONCAT.EXE.EMBED.MANIFEST.RES
D:\_ADMIN\_PROG\WORDGAME\CONCAT\DEBUG\CONCAT.EXE.INTERMEDIATE.MANIFEST
D:\_ADMIN\_PROG\wordgame\concat\Debug\concat_manifest.rc
D:\_ADMIN\_PROG\wordgame\concat\Debug\link.3392.read.1.tlog
D:\_ADMIN\_PROG\wordgame\concat\Debug\link.3392.write.1.tlog
D:\_ADMIN\_PROG\wordgame\concat\Debug\link.3392-cvtres.read.1.tlog
D:\_ADMIN\_PROG\wordgame\concat\Debug\link.3392-cvtres.write.1.tlog
D:\_ADMIN\_PROG\wordgame\concat\Debug\link.command.1.tlog
D:\_ADMIN\_PROG\wordgame\concat\Debug\link.read.1.tlog
D:\_ADMIN\_PROG\wordgame\concat\Debug\link.write.1.tlog
D:\_ADMIN\_PROG\wordgame\concat\Debug\link-cvtres.read.1.tlog
D:\_ADMIN\_PROG\wordgame\concat\Debug\link-cvtres.write.1.tlog
D:\_ADMIN\_PROG\WORDGAME\CONCAT\DEBUG\MAIN.OBJ
D:\_ADMIN\_PROG\wordgame\concat\Debug\mt.command.1.tlog
D:\_ADMIN\_PROG\wordgame\concat\Debug\mt.read.1.tlog
D:\_ADMIN\_PROG\wordgame\concat\Debug\mt.write.1.tlog
D:\_ADMIN\_PROG\wordgame\concat\Debug\rc.command.1.tlog
D:\_ADMIN\_PROG\wordgame\concat\Debug\rc.read.1.tlog
D:\_ADMIN\_PROG\wordgame\concat\Debug\rc.write.1.tlog
D:\_ADMIN\_PROG\wordgame\concat\Debug\vc100.idb
D:\_ADMIN\_PROG\WORDGAME\CONCAT\DEBUG\VC100.PDB
D:\_ADMIN\_PROG\WORDGAME\DEBUG\CONCAT.EXE
D:\_ADMIN\_PROG\WORDGAME\DEBUG\CONCAT.ILK
D:\_ADMIN\_PROG\WORDGAME\DEBUG\CONCAT.PDB
